[0820/014830:WARNING:resource_bundle.cc(304)] locale_file_path.empty()
[0820/014830:ERROR:main_delegate.cc(564)] Could not load locale pak for en-US
[0820/014830:ERROR:main_delegate.cc(571)] Could not load cef.pak
[0820/014830:ERROR:main_delegate.cc(588)] Could not load cef_100_percent.pak
[0820/014830:WARNING:resource_bundle.cc(497)] locale resources are not loaded
[0820/014830:WARNING:resource_bundle.cc(304)] locale_file_path.empty()
[0820/014830:ERROR:main_delegate.cc(564)] Could not load locale pak for en-US
[0820/014830:ERROR:main_delegate.cc(571)] Could not load cef.pak
[0820/014830:ERROR:main_delegate.cc(588)] Could not load cef_100_percent.pak
[0820/014831:WARNING:resource_bundle.cc(304)] locale_file_path.empty()
[0820/014831:ERROR:main_delegate.cc(564)] Could not load locale pak for en-US
[0820/014831:ERROR:main_delegate.cc(571)] Could not load cef.pak
[0820/014831:ERROR:main_delegate.cc(588)] Could not load cef_100_percent.pak
[0820/014831:WARNING:resource_bundle.cc(497)] locale resources are not loaded
[0820/014831:WARNING:resource_bundle.cc(304)] locale_file_path.empty()
[0820/014831:ERROR:main_delegate.cc(564)] Could not load locale pak for en-US
[0820/014831:ERROR:main_delegate.cc(571)] Could not load cef.pak
[0820/014831:ERROR:main_delegate.cc(588)] Could not load cef_100_percent.pak
[0820/014834:WARNING:resource_bundle.cc(304)] locale_file_path.empty()
[0820/014834:ERROR:main_delegate.cc(564)] Could not load locale pak for en-US
[0820/014834:ERROR:main_delegate.cc(571)] Could not load cef.pak
[0820/014834:ERROR:main_delegate.cc(588)] Could not load cef_100_percent.pak
[0820/014834:ERROR:renderer_main.cc(207)] Running without renderer sandbox
[0820/014834:WARNING:resource_bundle.cc(304)] locale_file_path.empty()
[0820/014834:ERROR:main_delegate.cc(564)] Could not load locale pak for en-US
[0820/014834:ERROR:main_delegate.cc(571)] Could not load cef.pak
[0820/014834:ERROR:main_delegate.cc(588)] Could not load cef_100_percent.pak
[0820/014834:ERROR:renderer_main.cc(207)] Running without renderer sandbox
